[    0.000000] Initializing cgroup subsys cpuset
[    0.000000] Initializing cgroup subsys cpu
[    0.000000] Initializing cgroup subsys cpuacct
[    0.000000] Linux version 4.4.0-210-generic (buildd@lgw01-amd64-009) (gcc version 5.4.0 20160609 (Ubuntu 5.4.0-6ubuntu1~16.04.12) ) #242-Ubuntu SMP Fri Apr 16 09:57:56 UTC 2021 (Ubuntu 4.4.0-210.242-generic 4.4.262)
[    0.000000] Command line: BOOT_IMAGE=/boot/vmlinuz-4.4.0-210-generic root=LABEL=cloudimg-rootfs ro console=tty1 console=ttyS0
[    0.000000] KERNEL supported cpus:
[    0.000000]   Intel GenuineIntel
[    0.000000]   AMD AuthenticAMD
[    0.000000]   Centaur CentaurHauls
[    0.000000] x86/fpu: xstate_offset[2]:  576, xstate_sizes[2]:  256
[    0.000000] x86/fpu: Supporting XSAVE feature 0x01: 'x87 floating point registers'
[    0.000000] x86/fpu: Supporting XSAVE feature 0x02: 'SSE registers'
[    0.000000] x86/fpu: Supporting XSAVE feature 0x04: 'AVX registers'
[    0.000000] x86/fpu: Enabled xstate features 0x7, context size is 832 bytes, using 'standard' format.
[    0.000000] e820: BIOS-provided physical RAM map:
[    0.000000] BIOS-e820: [mem 0x0000000000000000-0x000000000009fbff] usable
[    0.000000] BIOS-e820: [mem 0x000000000009fc00-0x000000000009ffff] reserved
[    0.000000] BIOS-e820: [mem 0x00000000000f0000-0x00000000000fffff] reserved
[    0.000000] BIOS-e820: [mem 0x0000000000100000-0x000000003ffeffff] usable
[    0.000000] BIOS-e820: [mem 0x000000003fff0000-0x000000003fffffff] ACPI data
[    0.000000] BIOS-e820: [mem 0x00000000fec00000-0x00000000fec00fff] reserved
[    0.000000] BIOS-e820: [mem 0x00000000fee00000-0x00000000fee00fff] reserved
[    0.000000] BIOS-e820: [mem 0x00000000fffc0000-0x00000000ffffffff] reserved
[    0.000000] NX (Execute Disable) protection: active
[    0.000000] SMBIOS 2.5 present.
[    0.000000] Hypervisor detected: KVM
[    0.000000] Kernel/User page tables isolation: disabled
[    0.000000] e820: last_pfn = 0x3fff0 max_arch_pfn = 0x400000000
[    0.000000] MTRR: Disabled
[    0.000000] x86/PAT: MTRRs disabled, skipping PAT initialization too.
[    0.000000] CPU MTRRs all blank - virtualized system.
[    0.000000] x86/PAT: Configuration [0-7]: WB  WT  UC- UC  WB  WT  UC- UC  
[    0.000000] found SMP MP-table at [mem 0x0009fff0-0x0009ffff] mapped at [ffff88000009fff0]
[    0.000000] Scanning 1 areas for low memory corruption
[    0.000000] RAMDISK: [mem 0x362dc000-0x37165fff]
[    0.000000] ACPI: Early table checksum verification disabled
[    0.000000] ACPI: RSDP 0x00000000000E0000 000024 (v02 VBOX  )
[    0.000000] ACPI: XSDT 0x000000003FFF0030 00003C (v01 VBOX   VBOXXSDT 00000001 ASL  00000061)
[    0.000000] ACPI: FACP 0x000000003FFF00F0 0000F4 (v04 VBOX   VBOXFACP 00000001 ASL  00000061)
[    0.000000] ACPI: DSDT 0x000000003FFF0610 002353 (v02 VBOX   VBOXBIOS 00000002 INTL 20100528)
[    0.000000] ACPI: FACS 0x000000003FFF0200 000040
[    0.000000] ACPI: FACS 0x000000003FFF0200 000040
[    0.000000] ACPI: APIC 0x000000003FFF0240 00005C (v02 VBOX   VBOXAPIC 00000001 ASL  00000061)
[    0.000000] ACPI: SSDT 0x000000003FFF02A0 00036C (v01 VBOX   VBOXCPUT 00000002 INTL 20100528)
[    0.000000] No NUMA configuration found
[    0.000000] Faking a node at [mem 0x0000000000000000-0x000000003ffeffff]
[    0.000000] NODE_DATA(0) allocated [mem 0x3ffeb000-0x3ffeffff]
[    0.000000] kvm-clock: Using msrs 4b564d01 and 4b564d00
[    0.000000] kvm-clock: cpu 0, msr 0:3ffe3001, primary cpu clock
[    0.000000] kvm-clock: using sched offset of 3150475023 cycles
[    0.000000] clocksource: kvm-clock: mask: 0xffffffffffffffff max_cycles: 0x1cd42e4dffb, max_idle_ns: 881590591483 ns
[    0.000000] Zone ranges:
[    0.000000]   DMA      [mem 0x0000000000001000-0x0000000000ffffff]
[    0.000000]   DMA32    [mem 0x0000000001000000-0x000000003ffeffff]
[    0.000000]   Normal   empty
[    0.000000]   Device   empty
[    0.000000] Movable zone start for each node
[    0.000000] Early memory node ranges
[    0.000000]   node   0: [mem 0x0000000000001000-0x000000000009efff]
[    0.000000]   node   0: [mem 0x0000000000100000-0x000000003ffeffff]
[    0.000000] Initmem setup node 0 [mem 0x0000000000001000-0x000000003ffeffff]
[    0.000000] ACPI: PM-Timer IO Port: 0x4008
[    0.000000] IOAPIC[0]: apic_id 2, version 32, address 0xfec00000, GSI 0-23
[    0.000000] ACPI: INT_SRC_OVR (bus 0 bus_irq 0 global_irq 2 dfl dfl)
[    0.000000] ACPI: INT_SRC_OVR (bus 0 bus_irq 9 global_irq 9 low level)
[    0.000000] Using ACPI (MADT) for SMP configuration information
[    0.000000] smpboot: Allowing 2 CPUs, 0 hotplug CPUs
[    0.000000] PM: Registered nosave memory: [mem 0x00000000-0x00000fff]
[    0.000000] PM: Registered nosave memory: [mem 0x0009f000-0x0009ffff]
[    0.000000] PM: Registered nosave memory: [mem 0x000a0000-0x000effff]
[    0.000000] PM: Registered nosave memory: [mem 0x000f0000-0x000fffff]
[    0.000000] e820: [mem 0x40000000-0xfebfffff] available for PCI devices
[    0.000000] Booting paravirtualized kernel on KVM
[    0.000000] clocksource: refined-jiffies: mask: 0xffffffff max_cycles: 0xffffffff, max_idle_ns: 7645519600211568 ns
[    0.000000] setup_percpu: NR_CPUS:512 nr_cpumask_bits:512 nr_cpu_ids:2 nr_node_ids:1
[    0.000000] PERCPU: Embedded 33 pages/cpu @ffff88003fc00000 s95192 r8192 d31784 u1048576
[    0.000000] Built 1 zonelists in Node order, mobility grouping on.  Total pages: 257912
[    0.000000] Policy zone: DMA32
[    0.000000] Kernel command line: BOOT_IMAGE=/boot/vmlinuz-4.4.0-210-generic root=LABEL=cloudimg-rootfs ro console=tty1 console=ttyS0
[    0.000000] PID hash table entries: 4096 (order: 3, 32768 bytes)
[    0.000000] Memory: 997792K/1048120K available (8644K kernel code, 1332K rwdata, 4044K rodata, 1492K init, 1164K bss, 50328K reserved, 0K cma-reserved)
[    0.000000] SLUB: HWalign=64, Order=0-3, MinObjects=0, CPUs=2, Nodes=1
[    0.000000] Hierarchical RCU implementation.
[    0.000000] 	Build-time adjustment of leaf fanout to 64.
[    0.000000] 	RCU restricting CPUs from NR_CPUS=512 to nr_cpu_ids=2.
[    0.000000] RCU: Adjusting geometry for rcu_fanout_leaf=64, nr_cpu_ids=2
[    0.000000] NR_IRQS:33024 nr_irqs:440 16
[    0.000000] Console: colour VGA+ 80x25
[    0.000000] console [tty1] enabled
[    0.000000] console [ttyS0] enabled
[    0.000000] tsc: Detected 2419.202 MHz processor
[    0.130969] Calibrating delay loop (skipped) preset value.. 4838.40 BogoMIPS (lpj=9676808)
[    0.133205] pid_max: default: 32768 minimum: 301
[    0.134514] ACPI: Core revision 20150930
[    0.136942] ACPI: 2 ACPI AML tables successfully acquired and loaded
[    0.138761] Security Framework initialized
[    0.139874] Yama: becoming mindful.
[    0.140905] AppArmor: AppArmor initialized
[    0.142257] Dentry cache hash table entries: 131072 (order: 8, 1048576 bytes)
[    0.144151] Inode-cache hash table entries: 65536 (order: 7, 524288 bytes)
[    0.150899] Mount-cache hash table entries: 2048 (order: 2, 16384 bytes)
[    0.152554] Mountpoint-cache hash table entries: 2048 (order: 2, 16384 bytes)
[    0.155105] Initializing cgroup subsys io
[    0.156256] Initializing cgroup subsys memory
[    0.157443] Initializing cgroup subsys devices
[    0.158715] Initializing cgroup subsys freezer
[    0.159905] Initializing cgroup subsys net_cls
[    0.161086] Initializing cgroup subsys perf_event
[    0.162323] Initializing cgroup subsys net_prio
[    0.163632] Initializing cgroup subsys hugetlb
[    0.164678] Initializing cgroup subsys pids
[    0.170563] mce: CPU supports 0 MCE banks
[    0.171418] Last level iTLB entries: 4KB 0, 2MB 0, 4MB 0
[    0.172298] Last level dTLB entries: 4KB 0, 2MB 0, 4MB 0, 1GB 0
[    0.173198] Spectre V1 : Mitigation: usercopy/swapgs barriers and __user pointer sanitization
[    0.174623] Spectre V2 : Mitigation: Full generic retpoline
[    0.175499] Spectre V2 : Spectre v2 / SpectreRSB mitigation: Filling RSB on context switch
[    0.176848] Speculative Store Bypass: Vulnerable
[    0.179800] Freeing SMP alternatives memory: 36K
[    0.185704] ftrace: allocating 32380 entries in 127 pages
[    0.244003] smpboot: APIC(0) Converting physical 0 to logical package 0
[    0.245295] smpboot: Max logical packages: 1
[    0.246935] x2apic enabled
[    0.248606] Switched APIC routing to physical x2apic.
[    0.251942] ..TIMER: vector=0x30 apic1=0 pin1=2 apic2=-1 pin2=-1
[    0.361605] smpboot: CPU0: 11th Gen Intel(R) Core(TM) i5-1135G7 @ 2.40GHz (family: 0x6, model: 0x8c, stepping: 0x1)
[    0.366362] Performance Events: unsupported p6 CPU model 140 no PMU driver, software events only.
[    0.377515] KVM setup paravirtual spinlock
[    0.378978] x86: Booting SMP configuration:
[    0.379792] .... node  #0, CPUs:      #1
[    0.380801] kvm-clock: cpu 1, msr 0:3ffe3041, secondary cpu clock
[    0.386285] mce: CPU supports 0 MCE banks
[    0.389031] x86: Booted up 1 node, 2 CPUs
[    0.389954] smpboot: Total of 2 processors activated (9676.80 BogoMIPS)
[    0.391501] devtmpfs: initialized
[    0.392934] evm: security.selinux
[    0.393603] evm: security.SMACK64
[    0.394246] evm: security.SMACK64EXEC
[    0.394894] evm: security.SMACK64TRANSMUTE
[    0.395645] evm: security.SMACK64MMAP
[    0.396342] evm: security.ima
[    0.397318] evm: security.capability
[    0.398624] clocksource: jiffies: mask: 0xffffffff max_cycles: 0xffffffff, max_idle_ns: 7645041785100000 ns
[    0.402169] futex hash table entries: 512 (order: 3, 32768 bytes)
[    0.404423] pinctrl core: initialized pinctrl subsystem
[    0.406556] RTC time: 10:56:58, date: 05/20/24
[    0.415735] NET: Registered protocol family 16
[    0.425750] cpuidle: using governor ladder
[    0.438042] cpuidle: using governor menu
[    0.440025] PCCT header not found.
[    0.441857] ACPI: bus type PCI registered
[    0.443095] acpiphp: ACPI Hot Plug PCI Controller Driver version: 0.5
[    0.445603] PCI: Using configuration type 1 for base access
[    0.458485] ACPI: Added _OSI(Module Device)
[    0.459964] ACPI: Added _OSI(Processor Device)
[    0.461701] ACPI: Added _OSI(3.0 _SCP Extensions)
[    0.463243] ACPI: Added _OSI(Processor Aggregator Device)
[    0.465620] ACPI: Executed 1 blocks of module-level executable AML code
[    0.469031] ACPI: Interpreter enabled
[    0.469890] ACPI: (supports S0 S5)
[    0.470704] ACPI: Using IOAPIC for interrupt routing
[    0.471813] PCI: Using host bridge windows from ACPI; if necessary, use "pci=nocrs" and report a bug
[    0.477457] ACPI: PCI Root Bridge [PCI0] (domain 0000 [bus 00-ff])
[    0.478473] acpi PNP0A03:00: _OSC: OS supports [ASPM ClockPM Segments MSI]
[    0.479865] acpi PNP0A03:00: _OSC: not requesting OS control; OS requires [ExtendedConfig ASPM ClockPM MSI]
[    0.481458] acpi PNP0A03:00: fail to add MMCONFIG information, can't access extended PCI configuration space under this bridge.
[    0.483212] PCI host bridge to bus 0000:00
[    0.483863] pci_bus 0000:00: root bus resource [io  0x0000-0x0cf7 window]
[    0.484713] pci_bus 0000:00: root bus resource [io  0x0d00-0xffff window]
[    0.485639] pci_bus 0000:00: root bus resource [mem 0x000a0000-0x000bffff window]
[    0.487170] pci_bus 0000:00: root bus resource [mem 0x40000000-0xfdffffff window]
[    0.488384] pci_bus 0000:00: root bus resource [bus 00-ff]
[    0.490712] pci 0000:00:01.1: legacy IDE quirk: reg 0x10: [io  0x01f0-0x01f7]
[    0.491790] pci 0000:00:01.1: legacy IDE quirk: reg 0x14: [io  0x03f6]
[    0.493060] pci 0000:00:01.1: legacy IDE quirk: reg 0x18: [io  0x0170-0x0177]
[    0.495038] pci 0000:00:01.1: legacy IDE quirk: reg 0x1c: [io  0x0376]
[    0.513377] pci 0000:00:07.0: quirk: [io  0x4000-0x403f] claimed by PIIX4 ACPI
[    0.528662] pci 0000:00:07.0: quirk: [io  0x4100-0x410f] claimed by PIIX4 SMB
[    0.537176] ACPI: PCI Interrupt Link [LNKA] (IRQs 5 9 10 *11)
[    0.539694] ACPI: PCI Interrupt Link [LNKB] (IRQs 5 9 *10 11)
[    0.541891] ACPI: PCI Interrupt Link [LNKC] (IRQs 5 *9 10 11)
[    0.543935] ACPI: PCI Interrupt Link [LNKD] (IRQs 5 9 10 *11)
[    0.546141] ACPI: Enabled 2 GPEs in block 00 to 07
[    0.547867] vgaarb: setting as boot device: PCI:0000:00:02.0
[    0.549313] vgaarb: device added: PCI:0000:00:02.0,decodes=io+mem,owns=io+mem,locks=none
[    0.551564] vgaarb: loaded
[    0.552533] vgaarb: bridge control possible 0000:00:02.0
[    0.553835] SCSI subsystem initialized
[    0.555065] ACPI: bus type USB registered
[    0.556205] usbcore: registered new interface driver usbfs
[    0.557683] usbcore: registered new interface driver hub
[    0.559284] usbcore: registered new device driver usb
[    0.560996] PCI: Using ACPI for IRQ routing
[    0.562511] NetLabel: Initializing
[    0.563495] NetLabel:  domain hash size = 128
[    0.564623] NetLabel:  protocols = UNLABELED CIPSOv4
[    0.565908] NetLabel:  unlabeled traffic allowed by default
[    0.567694] amd_nb: Cannot enumerate AMD northbridges
[    0.568912] clocksource: Switched to clocksource kvm-clock
[    0.581420] AppArmor: AppArmor Filesystem Enabled
[    0.582324] pnp: PnP ACPI init
[    0.583528] pnp: PnP ACPI: found 3 devices
[    0.591841] clocksource: acpi_pm: mask: 0xffffff max_cycles: 0xffffff, max_idle_ns: 2085701024 ns
[    0.593787] NET: Registered protocol family 2
[    0.594675] TCP established hash table entries: 8192 (order: 4, 65536 bytes)
[    0.595718] TCP bind hash table entries: 8192 (order: 5, 131072 bytes)
[    0.596703] TCP: Hash tables configured (established 8192 bind 8192)
[    0.597677] UDP hash table entries: 512 (order: 2, 16384 bytes)
[    0.598522] UDP-Lite hash table entries: 512 (order: 2, 16384 bytes)
[    0.599467] NET: Registered protocol family 1
[    0.600194] pci 0000:00:00.0: Limiting direct PCI/PCI transfers
[    0.601210] pci 0000:00:01.0: Activating ISA DMA hang workarounds
[    0.605213] Unpacking initramfs...
[    0.924343] Freeing initrd memory: 14888K
[    0.926710] clocksource: tsc: mask: 0xffffffffffffffff max_cycles: 0x22df12c5959, max_idle_ns: 440795242016 ns
[    0.929558] platform rtc_cmos: registered platform RTC device (no PNP device found)
[    0.931799] Scanning for low memory corruption every 60 seconds
[    0.933832] audit: initializing netlink subsys (disabled)
[    0.935325] audit: type=2000 audit(1716202623.119:1): initialized
[    0.937285] Initialise system trusted keyring
[    0.939430] HugeTLB registered 2 MB page size, pre-allocated 0 pages
[    0.942840] zbud: loaded
[    0.944321] VFS: Disk quotas dquot_6.6.0
[    0.945327] VFS: Dquot-cache hash table entries: 512 (order 0, 4096 bytes)
[    0.946874] squashfs: version 4.0 (2009/01/31) Phillip Lougher
[    0.948768] fuse init (API version 7.23)
[    0.950135] Key type big_key registered
[    0.951280] Allocating IMA MOK and blacklist keyrings.
[    0.958744] Key type asymmetric registered
[    0.959966] Asymmetric key parser 'x509' registered
[    0.961306] Block layer SCSI generic (bsg) driver version 0.4 loaded (major 249)
[    0.963416] io scheduler noop registered
[    0.964531] io scheduler deadline registered (default)
[    0.966100] io scheduler cfq registered
[    0.967372] pci_hotplug: PCI Hot Plug PCI Core version: 0.5
[    0.968982] pciehp: PCI Express Hot Plug Controller Driver version: 0.4
[    0.970947] ACPI: AC Adapter [AC] (on-line)
[    0.972234] input: Power Button as /devices/LNXSYSTM:00/LNXPWRBN:00/input/input0
[    0.974508] ACPI: Power Button [PWRF]
[    0.975873] input: Sleep Button as /devices/LNXSYSTM:00/LNXSLPBN:00/input/input1
[    0.978028] ACPI: Sleep Button [SLPF]
[    0.980303] ACPI: Battery Slot [BAT0] (battery present)
[    0.981707] GHES: HEST is not enabled!
[    0.982826] Serial: 8250/16550 driver, 32 ports, IRQ sharing enabled
[    1.005037] 00:02: ttyS0 at I/O 0x3f8 (irq = 4, base_baud = 115200) is a 16550A
[    1.007616] Linux agpgart interface v0.103
[    1.010419] loop: module loaded
[    1.011616] scsi host0: ata_piix
[    1.012396] scsi host1: ata_piix
[    1.013352] ata1: PATA max UDMA/33 cmd 0x1f0 ctl 0x3f6 bmdma 0xd000 irq 14
[    1.015720] ata2: PATA max UDMA/33 cmd 0x170 ctl 0x376 bmdma 0xd008 irq 15
[    1.018689] libphy: Fixed MDIO Bus: probed
[    1.020355] tun: Universal TUN/TAP device driver, 1.6
[    1.022314] tun: (C) 1999-2004 Max Krasnyansky <maxk@qualcomm.com>
[    1.024405] PPP generic driver version 2.4.2
[    1.026102] ehci_hcd: USB 2.0 'Enhanced' Host Controller (EHCI) Driver
[    1.028167] ehci-pci: EHCI PCI platform driver
[    1.029808] ehci-platform: EHCI generic platform driver
[    1.031454] ohci_hcd: USB 1.1 'Open' Host Controller (OHCI) Driver
[    1.033341] ohci-pci: OHCI PCI platform driver
[    1.034902] ohci-platform: OHCI generic platform driver
[    1.036554] uhci_hcd: USB Universal Host Controller Interface driver
[    1.038578] i8042: PNP: PS/2 Controller [PNP0303:PS2K,PNP0f03:PS2M] at 0x60,0x64 irq 1,12
[    1.041851] serio: i8042 KBD port at 0x60,0x64 irq 1
[    1.043357] serio: i8042 AUX port at 0x60,0x64 irq 12
[    1.045053] mousedev: PS/2 mouse device common for all mice
[    1.047889] input: AT Translated Set 2 keyboard as /devices/platform/i8042/serio0/input/input2
[    1.050699] rtc_cmos rtc_cmos: rtc core: registered rtc_cmos as rtc0
[    1.052716] rtc_cmos rtc_cmos: alarms up to one day, 114 bytes nvram
[    1.054631] i2c /dev entries driver
[    1.055843] device-mapper: uevent: version 1.0.3
[    1.057514] device-mapper: ioctl: 4.34.0-ioctl (2015-10-28) initialised: dm-devel@redhat.com
[    1.059859] ledtrig-cpu: registered to indicate activity on CPUs
[    1.062008] NET: Registered protocol family 10
[    1.063390] NET: Registered protocol family 17
[    1.064336] Key type dns_resolver registered
[    1.065699] registered taskstats version 1
[    1.066578] Loading compiled-in X.509 certificates
[    1.068200] Loaded X.509 cert 'Build time autogenerated kernel key: cf00e047681d67edb2720680708b7d9498083038'
[    1.070072] zswap: loaded using pool lzo/zbud
[    1.072071] Key type trusted registered
[    1.074999] Key type encrypted registered
[    1.075720] AppArmor: AppArmor sha1 policy hashing enabled
[    1.076565] ima: No TPM chip found, activating TPM-bypass!
[    1.077438] ima: Allocated hash algorithm: sha1
[    1.078160] evm: HMAC attrs: 0x1
[    1.078954]   Magic number: 8:447:932
[    1.079672] rtc_cmos rtc_cmos: setting system clock to 2024-05-20 10:56:59 UTC (1716202619)
[    1.081128] BIOS EDD facility v0.16 2004-Jun-25, 0 devices found
[    1.082038] EDD information not available.
[    1.223068] Freeing unused kernel memory: 1492K
[    1.225494] Write protecting the kernel read-only data: 14336k
[    1.229125] Freeing unused kernel memory: 1584K
[    1.231375] Freeing unused kernel memory: 52K
Loading, please wait...
starting version 229
[    1.247965] random: systemd-udevd: uninitialized urandom read (16 bytes read, 3 bits of entropy available)
[    1.248506] random: udevadm: uninitialized urandom read (16 bytes read, 3 bits of entropy available)
[    1.248526] random: udevadm: uninitialized urandom read (16 bytes read, 3 bits of entropy available)
[    1.254832] random: systemd-udevd: uninitialized urandom read (16 bytes read, 3 bits of entropy available)
[    1.256883] random: systemd-udevd: uninitialized urandom read (16 bytes read, 3 bits of entropy available)
[    1.257688] random: udevadm: uninitialized urandom read (16 bytes read, 3 bits of entropy available)
[    1.257743] random: udevadm: uninitialized urandom read (16 bytes read, 3 bits of entropy available)
[    1.257898] random: udevadm: uninitialized urandom read (16 bytes read, 3 bits of entropy available)
[    1.257952] random: udevadm: uninitialized urandom read (16 bytes read, 3 bits of entropy available)
[    1.258002] random: udevadm: uninitialized urandom read (16 bytes read, 3 bits of entropy available)
[    1.329575] Fusion MPT base driver 3.04.20
[    1.331787] Copyright (c) 1999-2008 LSI Corporation
[    1.343105] e1000: Intel(R) PRO/1000 Network Driver - version 7.3.21-k8-NAPI
[    1.344758] e1000: Copyright (c) 1999-2006 Intel Corporation.
[    1.354454] AVX2 version of gcm_enc/dec engaged.
[    1.355531] AES CTR mode by8 optimization enabled
[    1.359436] Fusion MPT SPI Host driver 3.04.20
[    1.547938] input: ImExPS/2 Generic Explorer Mouse as /devices/platform/i8042/serio1/input/input4
[    1.937849] e1000 0000:00:03.0 eth0: (PCI:33MHz:32-bit) 02:be:82:6b:cc:1d
[    1.940758] e1000 0000:00:03.0 eth0: Intel(R) PRO/1000 Network Connection
[    1.945801] e1000 0000:00:03.0 enp0s3: renamed from eth0
[    1.949530] mptbase: ioc0: Initiating bringup
[    2.021241] ioc0: LSI53C1030 A0: Capabilities={Initiator}
[    2.182776] scsi host2: ioc0: LSI53C1030 A0, FwRev=00000000h, Ports=1, MaxQ=256, IRQ=20
[    2.294449] scsi 2:0:0:0: Direct-Access     VBOX     HARDDISK         1.0  PQ: 0 ANSI: 5
[    2.299012] scsi target2:0:0: Beginning Domain Validation
[    2.306730] scsi target2:0:0: Domain Validation skipping write tests
[    2.308905] scsi target2:0:0: Ending Domain Validation
[    2.310865] scsi target2:0:0: asynchronous
[    2.313850] scsi 2:0:1:0: Direct-Access     VBOX     HARDDISK         1.0  PQ: 0 ANSI: 5
[    2.316631] scsi target2:0:1: Beginning Domain Validation
[    2.321720] scsi target2:0:1: Domain Validation skipping write tests
[    2.322565] scsi target2:0:1: Ending Domain Validation
[    2.323846] scsi target2:0:1: asynchronous
[    2.330199] sd 2:0:0:0: [sda] 83886080 512-byte logical blocks: (42.9 GB/40.0 GiB)
[    2.330419] sd 2:0:0:0: Attached scsi generic sg0 type 0
[    2.330877] sd 2:0:1:0: Attached scsi generic sg1 type 0
[    2.340822] sd 2:0:1:0: [sdb] 20480 512-byte logical blocks: (10.5 MB/10.0 MiB)
[    2.340877] sd 2:0:0:0: [sda] Write Protect is off
[    2.340951] sd 2:0:0:0: [sda] Incomplete mode parameter data
[    2.340952] sd 2:0:0:0: [sda] Assuming drive cache: write through
[    2.345351] sd 2:0:1:0: [sdb] Write Protect is off
[    2.346320] sd 2:0:1:0: [sdb] Incomplete mode parameter data
[    2.346405]  sda: sda1
[    2.347782] sd 2:0:1:0: [sdb] Assuming drive cache: write through
[    2.349184] sd 2:0:0:0: [sda] Attached SCSI disk
[    2.352761] sd 2:0:1:0: [sdb] Attached SCSI disk
Begin: Loading essential drivers ... [    3.805946] md: linear personality registered for level -1
[    3.808763] md: multipath personality registered for level -4
[    3.811465] md: raid0 personality registered for level 0
[    3.814954] md: raid1 personality registered for level 1
[    3.885103] raid6: sse2x1   gen()  6856 MB/s
[    3.953370] raid6: sse2x1   xor()  6767 MB/s
[    4.020926] raid6: sse2x2   gen() 11285 MB/s
[    4.089616] raid6: sse2x2   xor() 10271 MB/s
[    4.157731] raid6: sse2x4   gen() 13146 MB/s
[    4.225172] raid6: sse2x4   xor()  8671 MB/s
[    4.292938] raid6: avx2x1   gen() 21841 MB/s
[    4.361398] raid6: avx2x2   gen() 26403 MB/s
[    4.429192] raid6: avx2x4   gen() 19661 MB/s
[    4.431446] raid6: using algorithm avx2x2 gen() 26403 MB/s
[    4.433043] raid6: using avx2x2 recovery algorithm
[    4.436659] xor: automatically using best checksumming function:
[    4.476981]    avx       : 19023.000 MB/sec
[    4.479870] async_tx: api initialized (async)
[    4.499840] md: raid6 personality registered for level 6
[    4.501630] md: raid5 personality registered for level 5
[    4.502754] md: raid4 personality registered for level 4
[    4.508675] md: raid10 personality registered for level 10
done.
Begin: Running /scripts/init-premount ... done.
Begin: Mounting root file system ... Begin: Running /scripts/local-top ... done.
Begin: Running /scripts/local-premount ... [    4.542974] Btrfs loaded
Scanning for Btrfs filesystems
done.
Warning: fsck not present, so skipping root file system
[    4.573057] EXT4-fs (sda1): mounted filesystem with ordered data mode. Opts: (null)
done.
Begin: Running /scripts/local-bottom ... done.
Begin: Running /scripts/init-bottom ... done.
[    4.651951] systemd[1]: systemd 229 running in system mode. (+PAM +AUDIT +SELINUX +IMA +APPARMOR +SMACK +SYSVINIT +UTMP +LIBCRYPTSETUP +GCRYPT +GNUTLS +ACL +XZ -LZ4 +SECCOMP +BLKID +ELFUTILS +KMOD -IDN)
[    4.654503] systemd[1]: Detected virtualization oracle.
[    4.655289] systemd[1]: Detected architecture x86-64.

Welcome to [1mUbuntu 16.04.7 LTS[0m!

[    4.658130] systemd[1]: Set hostname to <ubuntu>.
[    4.660210] systemd[1]: Initializing machine ID from random generator.
[    4.661137] systemd[1]: Installed transient /etc/machine-id file.
[    4.930848] systemd[1]: Created slice User and Session Slice.
[[0;32m  OK  [0m] Created slice User and Session Slice.
[    4.932524] systemd[1]: Listening on udev Control Socket.
[[0;32m  OK  [0m] Listening on udev Control Socket.
[    4.934166] systemd[1]: Listening on Journal Audit Socket.
[[0;32m  OK  [0m] Listening on Journal Audit Socket.
[    4.935763] systemd[1]: Listening on Syslog Socket.
[[0;32m  OK  [0m] Listening on Syslog Socket.
[    4.937219] systemd[1]: Set up automount Arbitrary Executable File Formats File System Automount Point.
[[0;32m  OK  [0m] Set up automount Arbitrary Executab...ats File System Automount Point.
[    4.940169] systemd[1]: Listening on udev Kernel Socket.
[[0;32m  OK  [0m] Listening on udev Kernel Socket.
[    4.942063] systemd[1]: Listening on Device-mapper event daemon FIFOs.
[[0;32m  OK  [0m] Listening on Device-mapper event daemon FIFOs.
[    4.944437] systemd[1]: Reached target User and Group Name Lookups.
[[0;32m  OK  [0m] Reached target User and Group Name Lookups.
[    4.947277] systemd[1]: Listening on fsck to fsckd communication Socket.
[[0;32m  OK  [0m] Listening on fsck to fsckd communication Socket.
[    4.949290] systemd[1]: Created slice System Slice.
[[0;32m  OK  [0m] Created slice System Slice.
[    4.951315] systemd[1]: Started Forward Password Requests to Wall Directory Watch.
[[0;32m  OK  [0m] Started Forward Password Requests to Wall Directory Watch.
[    4.955128] systemd[1]: Listening on LVM2 poll daemon socket.
[[0;32m  OK  [0m] Listening on LVM2 poll daemon socket.
[    4.958318] systemd[1]: Listening on Journal Socket (/dev/log).
[[0;32m  OK  [0m] Listening on Journal Socket (/dev/log).
[    4.961457] systemd[1]: Created slice system-serial\x2dgetty.slice.
[[0;32m  OK  [0m] Created slice system-serial\x2dgetty.slice.
[    4.963779] systemd[1]: Started Trigger resolvconf update for networkd DNS.
[[0;32m  OK  [0m] Started Trigger resolvconf update for networkd DNS.
[    4.967552] systemd[1]: Reached target Encrypted Volumes.
[[0;32m  OK  [0m] Reached target Encrypted Volumes.
[    4.970656] systemd[1]: Listening on /dev/initctl Compatibility Named Pipe.
[[0;32m  OK  [0m] Listening on /dev/initctl Compatibility Named Pipe.
[    4.973878] systemd[1]: Listening on LVM2 metadata daemon socket.
[[0;32m  OK  [0m] Listening on LVM2 metadata daemon socket.
[    4.976387] systemd[1]: Reached target Slices.
[[0;32m  OK  [0m] Reached target Slices.
[    4.978942] systemd[1]: Reached target Swap.
[[0;32m  OK  [0m] Reached target Swap.
[    4.980834] systemd[1]: Listening on Journal Socket.
[[0;32m  OK  [0m] Listening on Journal Socket.
[    4.994890] systemd[1]: Starting Journal Service...
         Starting Journal Service...
[    4.998747] systemd[1]: Starting Nameserver information manager...
         Starting Nameserver information manager...
[    5.004316] systemd[1]: Mounting POSIX Message Queue File System...
         Mounting POSIX Message Queue File System...
[    5.015853] systemd[1]: Starting Load Kernel Modules...
         Starting Load Kernel Modules...
[    5.017895] systemd[1]: Mounting Debug File System...
         Mounting Debug File System...
[    5.020887] systemd[1]: Starting File System Check on Root Device...
         Starting File System Check on Root Device...
[    5.029824] systemd[1]: Starting Monitoring of LVM2 mirrors, snapshots etc. using dmeventd or progress polling...
         Starting Monitoring of LVM2 mirrors... dmeventd or progress polling...
[    5.037005] systemd[1]: Starting Uncomplicated firewall...
         Starting Uncomplicated firewall...
[    5.040202] Loading iSCSI transport class v2.0-870.
[    5.040511] systemd[1]: Mounting Huge Pages File System...
         Mounting Huge Pages File System...
[    5.045796] systemd[1]: Starting Set console keymap...
         Starting Set console keymap...
[    5.048033] systemd[1]: Reached target System Time Synchronized.
[[0;32m  OK  [0m] Reached target System Time Synchronized.
[    5.050599] systemd[1]: Starting Create list of required static device nodes for the current kernel...
         Starting Create list of required st... nodes for the current kernel...
[    5.055753] systemd[1]: Mounted Huge Pages File System.
[[0;32m  OK  [0m] Mounted Huge Pages File System.
[    5.057774] systemd[1]: Mounted POSIX Message Queue File System.
[[0;32m  OK  [0m] Mounted POSIX Message Queue File System.
[    5.060222] systemd[1]: Mounted Debug File System.
[[0;32m  OK  [0m] Mounted Debug File System.
[    5.062226] systemd[1]: Started Journal Service.
[[0;32m  OK  [0m] Started Journal Service.
[[0;32m  OK  [0m] Started Uncomplicated firewall.
[    5.070627] iscsi: registered transport (tcp)
[[0;32m  OK  [0m] Started Create list of required sta...ce nodes for the current kernel.
[[0;32m  OK  [0m] Started Nameserver information manager.
[[0;32m  OK  [0m] Started File System Check Daemon to report status.
[[0;32m  OK  [0m] Started LVM2 metadata daemon.
         Starting Create Static Device Nodes in /dev...
[[0;32m  OK  [0m] Started File System Check on Root Device.
         Starting Remount Root and Kernel File Systems...
[[0;32m  OK  [0m] Started Set console keymap.
[    5.128700] EXT4-fs (sda1): re-mounted. Opts: (null)
[[0;32m  OK  [0m] Started Remount Root and Kernel File Systems.
         Starting Load/Save Random Seed...
         Starting udev Coldplug all Devices...
         Starting Flush Journal to Persistent Storage...
[[0;32m  OK  [0m] Started Create Static Device Nodes in /dev.
[    5.166274] iscsi: registered transport (iser)
[[0;32m  OK  [0m] Started Load/Save Random Seed.
[[0;32m  OK  [0m] Started Load Kernel Modules.
         Mounting FUSE Control File System...
         Starting Apply Kernel Variables...
         Starting udev Kernel Device Manager...
[[0;32m  OK  [0m] Mounted FUSE Control File System.
[    5.202077] systemd-journald[363]: Received request to flush runtime journal from PID 1
[[0;32m  OK  [0m] Started Flush Journal to Persistent Storage.
[[0;32m  OK  [0m] Started Apply Kernel Variables.
[[0;32m  OK  [0m] Started udev Kernel Device Manager.
[[0;32m  OK  [0m] Started udev Coldplug all Devices.
[[0;32m  OK  [0m] Started Dispatch Password Requests to Console Directory Watch.
[[0;32m  OK  [0m] Started Monitoring of LVM2 mirrors,...ng dmeventd or progress polling.
[[0;32m  OK  [0m] Reached target Local File Systems (Pre).
[[0;32m  OK  [0m] Reached target Local File Systems.
         Starting Tell Plymouth To Write Out Runtime Data...
         Starting Commit a transient machine-id on disk...
         Starting Create Volatile Files and Directories...
         Starting Initial cloud-init job (pre-networking)...
         Starting LSB: AppArmor initialization...
         Starting Set console font and keymap...
[[0;32m  OK  [0m] Started Tell Plymouth To Write Out Runtime Data.
[[0;32m  OK  [0m] Started Commit a transient machine-id on disk.
[[0;32m  OK  [0m] Started Create Volatile Files and Directories.
[[0;32m  OK  [0m] Found device /dev/ttyS0.
         Starting Update UTMP about System Boot/Shutdown...
[[0;32m  OK  [0m] Started Update UTMP about System Boot/Shutdown.
[[0;32m  OK  [0m] Listening on Load/Save RF Kill Switch Status /dev/rfkill Watch.
[[0;32m  OK  [0m] Started LSB: AppArmor initialization.
         Starting Load AppArmor profiles managed internally by snapd...
[    6.652568] cloud-init[498]: Cloud-init v. 21.1-19-gbad84ad4-0ubuntu1~16.04.2 running 'init-local' at Mon, 20 May 2024 10:57:04 +0000. Up 6.14 seconds.
[[0;32m  OK  [0m] Started Load AppArmor profiles managed internally by snapd.
[[0;32m  OK  [0m] Started Initial cloud-init job (pre-networking).
[[0;32m  OK  [0m] Reached target Network (Pre).
         Starting Raise network interfaces...
[[0;32m  OK  [0m] Started Set console font and keymap.
[[0;32m  OK  [0m] Created slice system-getty.slice.
[[0;32m  OK  [0m] Started Raise network interfaces.
         Starting Initial cloud-init job (metadata service crawler)...
[[0;32m  OK  [0m] Reached target Network.
[    7.743964] cloud-init[949]: Cloud-init v. 21.1-19-gbad84ad4-0ubuntu1~16.04.2 running 'init' at Mon, 20 May 2024 10:57:05 +0000. Up 7.37 seconds.
[    7.745211] cloud-init[949]: ci-info: ++++++++++++++++++++++++++++++++++++++Net device info++++++++++++++++++++++++++++++++++++++
[    7.746216] cloud-init[949]: ci-info: +--------+------+----------------------------+---------------+--------+-------------------+
[    7.752737] cloud-init[949]: ci-info: | Device |  Up  |          Address           |      Mask     | Scope  |     Hw-Address    |
[    7.753814] cloud-init[949]: ci-info: +--------+------+----------------------------+---------------+--------+-------------------+
[    7.754915] cloud-init[949]: ci-info: | enp0s3 | True |         10.0.2.15          | 255.255.255.0 | global | 02:be:82:6b:cc:1d |
[    7.755933] cloud-init[949]: ci-info: | enp0s3 | True | fe80::be:82ff:fe6b:cc1d/64 |       .       |  link  | 02:be:82:6b:cc:1d |
[    7.757291] cloud-init[949]: ci-info: |   lo   | True |         127.0.0.1          |   255.0.0.0   |  host  |         .         |
[    7.758775] cloud-init[949]: ci-info: |   lo   | True |          ::1/128           |       .       |  host  |         .         |
[    7.760664] cloud-init[949]: ci-info: +--------+------+----------------------------+---------------+--------+-------------------+
[    7.762674] cloud-init[949]: ci-info: +++++++++++++++++++++++++++Route IPv4 info++++++++++++++++++++++++++++
[    7.764616] cloud-init[949]: ci-info: +-------+-------------+----------+---------------+-----------+-------+
[    7.766881] cloud-init[949]: ci-info: | Route | Destination | Gateway  |    Genmask    | Interface | Flags |
[    7.768238] cloud-init[949]: ci-info: +-------+-------------+----------+---------------+-----------+-------+
[    7.769534] cloud-init[949]: ci-info: |   0   |   0.0.0.0   | 10.0.2.2 |    0.0.0.0    |   enp0s3  |   UG  |
[    7.771106] cloud-init[949]: ci-info: |   1   |   10.0.2.0  | 0.0.0.0  | 255.255.255.0 |   enp0s3  |   U   |
[    7.772926] cloud-init[949]: ci-info: +-------+-------------+----------+---------------+-----------+-------+
[    7.774659] cloud-init[949]: ci-info: +++++++++++++++++++Route IPv6 info+++++++++++++++++++
[    7.776260] cloud-init[949]: ci-info: +-------+-------------+---------+-----------+-------+
[    7.777905] cloud-init[949]: ci-info: | Route | Destination | Gateway | Interface | Flags |
[    7.779503] cloud-init[949]: ci-info: +-------+-------------+---------+-----------+-------+
[    7.781109] cloud-init[949]: ci-info: |   0   |  fe80::/64  |    ::   |   enp0s3  |   U   |
[    7.782427] cloud-init[949]: ci-info: |   3   |   ff00::/8  |    ::   |   enp0s3  |   U   |
[    7.783487] cloud-init[949]: ci-info: +-------+-------------+---------+-----------+-------+
[    7.784565] cloud-init[949]: Generating public/private rsa key pair.
[    7.785448] cloud-init[949]: Your identification has been saved in /etc/ssh/ssh_host_rsa_key.
[    7.786529] cloud-init[949]: Your public key has been saved in /etc/ssh/ssh_host_rsa_key.pub.
[    7.787635] cloud-init[949]: The key fingerprint is:
[[0;32m  OK  [0m] Started Initial cloud-init job (metadata service crawler).
[[0;32m  OK  [0m] Reached target Cloud-config availability.
[[0;32m  OK  [0m] Reached target System Initialization.
[[0;32m  OK  [0m] Started Daily apt download activities.
[[0;32m  OK  [0m] Listening on D-Bus System Message Bus Socket.
[    7.788442] cloud-init[949]: SHA256:pawPBJom8R1cXI3jRTHCnSK6hPaFVZm19CBoYJjSamY root@ubuntu-xenial
[    7.793088] cloud-init[949]: The key's randomart image is:
[    7.793301] cloud-init[949]: +---[RSA 2048]----+
[    7.793650] cloud-init[949]: | . ooo.==OBo     |
[    7.794030] cloud-init[949]: |. +o .* B+==     |
[    7.794425] cloud-init[949]: |.o .+= o +o .    |
[    7.794818] cloud-init[949]: |.Eo++o...o       |
[    7.795077] cloud-init[949]: |=.=o.o. S        |
[    7.795300] cloud-init[949]: | o  o. .         |
[    7.795505] cloud-init[949]: |      o          |
         Starting Socket activation for snappy daemon.
[    7.795771] cloud-init[949]: |       o         |
[    7.797484] cloud-init[949]: |        .        |
[    7.797871] cloud-init[949]: +----[SHA256]-----+
[    7.798269] cloud-init[949]: Generating public/private dsa key pair.
[    7.798560] cloud-init[949]: Your identification has been saved in /etc/ssh/ssh_host_dsa_key.
[    7.798945] cloud-init[949]: Your public key has been saved in /etc/ssh/ssh_host_dsa_key.pub.
[    7.799333] cloud-init[949]: The key fingerprint is:
[    7.799715] cloud-init[949]: SHA256:zdQDkMoIkmXwB8B0Kg6jT4SK+ebY8Lmfj72gJp2guEE root@ubuntu-xenial
[    7.800238] cloud-init[949]: The key's randomart image is:
[    7.800629] cloud-init[949]: +---[DSA 1024]----+
[    7.801011] cloud-init[949]: |=*+.    .o.      |
[    7.801402] cloud-init[949]: |o=+.    .  o     |
[    7.801783] cloud-init[949]: |=oo..o .  . o    |
[    7.802176] cloud-init[949]: |B+ .. o  +   .   |
[    7.802552] cloud-init[949]: |=E.     S o      |
[    7.802935] cloud-init[949]: |o+               |
[[0;32m  OK  [0m] Started Message of the Day.
[    7.803164] cloud-init[949]: |=o+..            |
[    7.806406] cloud-init[949]: |+O+o =           |
[    7.806558] cloud-init[949]: |o+Bo+.+.         |
[    7.806942] cloud-init[949]: +----[SHA256]-----+
[    7.807334] cloud-init[949]: Generating public/private ecdsa key pair.
[    7.807716] cloud-init[949]: Your identification has been saved in /etc/ssh/ssh_host_ecdsa_key.
[    7.808369] cloud-init[949]: Your public key has been saved in /etc/ssh/ssh_host_ecdsa_key.pub.
[    7.808751] cloud-init[949]: The key fingerprint is:
[    7.809141] cloud-init[949]: SHA256:rjB0NF6nD+eCV5nc6ADqQhGJVvbDETs/WijKxkxsR8k root@ubuntu-xenial
[    7.809599] cloud-init[949]: The key's randomart image is:
[    7.810186] cloud-init[949]: +---[ECDSA 256]---+
[    7.810758] cloud-init[949]: | .o+ o.          |
[    7.810963] cloud-init[949]: |..+.+ o          |
[    7.811548] cloud-init[949]: |. .E *+ . .      |
[    7.812521] cloud-init[949]: |. .. +=+ + =     |
[    7.812969] cloud-init[949]: | +.oo.o+S B .    |
[    7.813559] cloud-init[949]: |*.oo..oo.O       |
[    7.814151] cloud-init[949]: | *. +.. + +      |
[    7.814726] cloud-init[949]: |.  . o o .       |
[    7.815309] cloud-init[949]: |      .          |
[    7.815885] cloud-init[949]: +----[SHA256]-----+
[    7.816460] cloud-init[949]: Generating public/private ed25519 key pair.
[    7.816926] cloud-init[949]: Your identification has been saved in /etc/ssh/ssh_host_ed25519_key.
[    7.817388] cloud-init[949]: Your public key has been saved in /etc/ssh/ssh_host_ed25519_key.pub.
[    7.817859] cloud-init[949]: The key fingerprint is:
[    7.818318] cloud-init[949]: SHA256:I4XQM80AtuLtI7/iC75vGzNDaeXHB1QbbFzprps4CUQ root@ubuntu-xenial
[    7.818802] cloud-init[949]: The key's randomart image is:
[    7.819263] cloud-init[949]: +--[ED25519 256]--+
[    7.819745] cloud-init[949]: |    +o.=+o...    |
[    7.820087] cloud-init[949]: |   . E=.o+o.     |
[    7.820535] cloud-init[949]: |  . o..+o..      |
[    7.820685] cloud-init[949]: | . o+....  .     |
[    7.821161] cloud-init[949]: |  .+o..oS..      |
[    7.821640] cloud-init[949]: |  o. ..... .     |
[[0;32m  OK  [0m] Listening on UUID daemon activation socket.
[    7.821727] cloud-init[949]: |. .=o . . .      |
[    7.827698] cloud-init[949]: |...+=. o...      |
[    7.828395] cloud-init[949]: | +*=+. ..o.      |
[    7.828996] cloud-init[949]: +----[SHA256]-----+
         Starting LXD - unix socket.
[[0;32m  OK  [0m] Listening on ACPID Listen Socket.
[[0;32m  OK  [0m] Started Daily Cleanup of Temporary Directories.
[[0;32m  OK  [0m] Started Ubuntu Advantage update messaging.
[[0;32m  OK  [0m] Started Daily apt upgrade and clean activities.
[[0;32m  OK  [0m] Reached target Timers.
[[0;32m  OK  [0m] Started ACPI Events Check.
[[0;32m  OK  [0m] Reached target Paths.
[[0;32m  OK  [0m] Reached target Network is Online.
         Starting iSCSI initiator daemon (iscsid)...
[[0;32m  OK  [0m] Listening on Socket activation for snappy daemon.
[[0;32m  OK  [0m] Listening on LXD - unix socket.
[[0;32m  OK  [0m] Reached target Sockets.
[[0;32m  OK  [0m] Reached target Basic System.
[[0;32m  OK  [0m] Started Deferred execution scheduler.
         Starting Login Service...
         Starting /etc/rc.local Compatibility...
[[0;32m  OK  [0m] Started D-Bus System Message Bus.
         Starting Pollinate to seed the pseudo random number generator...
[[0;32m  OK  [0m] Started FUSE filesystem for LXC.
[[0;32m  OK  [0m] Started ACPI event daemon.
         Starting LXD - container startup/shutdown...
[[0;32m  OK  [0m] Started Regular background program processing daemon.
         Starting LSB: MD monitoring daemon...
         Starting LSB: Record successful boot for GRUB...
         Starting Virtualbox guest utils...
         Starting System Logging Service...
         Starting Accounts Service...
         Starting Snap Daemon...
[[0;32m  OK  [0m] Started /etc/rc.local Compatibility.
[[0;32m  OK  [0m] Started Login Service.
[[0;32m  OK  [0m] Started Unattended Upgrades Shutdown.
[[0;32m  OK  [0m] Started iSCSI initiator daemon (iscsid).
         Starting Login to default iSCSI targets...
[[0;32m  OK  [0m] Started System Logging Service.
[[0;32m  OK  [0m] Started Login to default iSCSI targets.
[[0;32m  OK  [0m] Reached target Remote File Systems (Pre).
[[0;32m  OK  [0m] Reached target Remote File Systems.
         Starting Permit User Sessions...
         Starting LSB: daemon to balance interrupts for SMP systems...
         Starting LSB: Set the CPU Frequency Scaling governor to "ondemand"...
         Starting LSB: automatic crash report generation...
[[0;32m  OK  [0m] Started Permit User Sessions.
         Starting Terminate Plymouth Boot Screen...
         Starting Hold until boot process finishes up...
         Starting Authenticate and Authorize Users to Run Privileged Tasks...
[[0;32m  OK  [0m] Started Terminate Plymouth Boot Screen.
[[0;32m  OK  [0m] Started Hold until boot process finishes up.
         Starting Set console scheme...
[[0;32m  OK  [0m] Started Serial Getty on ttyS0.
[[0;32m  OK  [0m] Started Getty on tty1.
[[0;32m  OK  [0m] Reached target Login Prompts.
[[0;32m  OK  [0m] Started LSB: MD monitoring daemon.
[[0;32m  OK  [0m] Started LSB: Record successful boot for GRUB.
[[0;32m  OK  [0m] Started LSB: daemon to balance interrupts for SMP systems.
[[0;32m  OK  [0m] Started LSB: Set the CPU Frequency Scaling governor to "ondemand".
[[0;32m  OK  [0m] Started LSB: automatic crash report generation.
[[0;32m  OK  [0m] Started Set console scheme.
[[0;32m  OK  [0m] Started Authenticate and Authorize Users to Run Privileged Tasks.
[[0;32m  OK  [0m] Started Accounts Service.
[[0;32m  OK  [0m] Started LXD - container startup/shutdown.
[[0;32m  OK  [0m] Started Virtualbox guest utils.
[[0;32m  OK  [0m] Started Snap Daemon.
         Starting Wait until snapd is fully seeded...
[[0;32m  OK  [0m] Started Pollinate to seed the pseudo random number generator.
         Starting OpenBSD Secure Shell server...
[[0;32m  OK  [0m] Started OpenBSD Secure Shell server.
[[0;32m  OK  [0m] Started Wait until snapd is fully seeded.
         Starting Apply the settings specified in cloud-config...
[[0;32m  OK  [0m] Reached target Multi-User System.
[[0;32m  OK  [0m] Reached target Graphical Interface.
         Starting Update UTMP about System Runlevel Changes...
[[0;32m  OK  [0m] Started Update UTMP about System Runlevel Changes.
[    9.724670] cloud-init[1297]: Generating locales (this might take a while)...
[   10.529536] cloud-init[1297]:   en_US.UTF-8... done
[   10.530373] cloud-init[1297]: Generation complete.
[   10.788844] cloud-init[1297]: Cloud-init v. 21.1-19-gbad84ad4-0ubuntu1~16.04.2 running 'modules:config' at Mon, 20 May 2024 10:57:08 +0000. Up 9.63 seconds.
[[0;32m  OK  [0m] Started Apply the settings specified in cloud-config.
         Starting Execute cloud user/final scripts...
ci-info: no authorized SSH keys fingerprints found for user ubuntu.
<14>May 20 10:57:09 ec2: 
<14>May 20 10:57:09 ec2: #############################################################
<14>May 20 10:57:09 ec2: -----BEGIN SSH HOST KEY FINGERPRINTS-----
<14>May 20 10:57:09 ec2: 1024 SHA256:zdQDkMoIkmXwB8B0Kg6jT4SK+ebY8Lmfj72gJp2guEE root@ubuntu-xenial (DSA)
<14>May 20 10:57:09 ec2: 256 SHA256:rjB0NF6nD+eCV5nc6ADqQhGJVvbDETs/WijKxkxsR8k root@ubuntu-xenial (ECDSA)
<14>May 20 10:57:09 ec2: 256 SHA256:I4XQM80AtuLtI7/iC75vGzNDaeXHB1QbbFzprps4CUQ root@ubuntu-xenial (ED25519)
<14>May 20 10:57:09 ec2: 2048 SHA256:pawPBJom8R1cXI3jRTHCnSK6hPaFVZm19CBoYJjSamY root@ubuntu-xenial (RSA)
<14>May 20 10:57:09 ec2: -----END SSH HOST KEY FINGERPRINTS-----
<14>May 20 10:57:09 ec2: #############################################################
-----BEGIN SSH HOST KEY KEYS-----
ecdsa-sha2-nistp256 AAAAE2VjZHNhLXNoYTItbmlzdHAyNTYAAAAIbmlzdHAyNTYAAABBBJ5u8MWSuUUB+EcdvWNPEvQHw4SHxhWexShRqNLHccnsOaXX5lCMmbZpWdh39GzIyXPh/JjXmGYCKMqTBpg4E00= root@ubuntu-xenial
ssh-ed25519 AAAAC3NzaC1lZDI1NTE5AAAAIOSU4Mn+A9ln8pLI12xLXFNgUSEUohlShXpSV6oVQBzk root@ubuntu-xenial
ssh-rsa AAAAB3NzaC1yc2EAAAADAQABAAABAQC6EHntL+AwmEV99Z+GMTPQf/eGVN++UeUYKl3EHlJV/p9WeOtU9OkzLQE/DdiFHRNi6dSBUyK/p9NtmL9zRLCWJXtpyqEx3/AP6r7RcpQMztHX4+gq/waEAEhKY2Xu9CIwxPLGe6UU7rh447MN4z8i3bc9FJiMBfueZ8TDPbQEqJMYsS01yZGkMi0IklX2c6JWZrpNRFwPHOqq6Gyj0CcGqQ421nvb6ZYptS07F/AVPMm5/+dckRXBS43XZ3zA9O4OA/de1gnywQwkZ+1bAvv7TxRPgDOOdAnABVpiyoi0+NzTqzHu/f6EOZXE8oY02V5j4WIZVzkb1DhDcjELziGz root@ubuntu-xenial
-----END SSH HOST KEY KEYS-----
[   11.316624] cloud-init[1341]: Cloud-init v. 21.1-19-gbad84ad4-0ubuntu1~16.04.2 running 'modules:final' at Mon, 20 May 2024 10:57:09 +0000. Up 11.17 seconds.
[   11.318228] cloud-init[1341]: ci-info: no authorized SSH keys fingerprints found for user ubuntu.
[   11.319309] cloud-init[1341]: Cloud-init v. 21.1-19-gbad84ad4-0ubuntu1~16.04.2 finished at Mon, 20 May 2024 10:57:09 +0000. Datasource DataSourceNoCloud [seed=/dev/sdb][dsmode=net].  Up 11.31 seconds
[[0;32m  OK  [0m] Started Execute cloud user/final scripts.
[[0;32m  OK  [0m] Reached target Cloud-init target.

Ubuntu 16.04.7 LTS ubuntu-xenial ttyS0

ubuntu-xenial login: 